0 verbose cli C:\Program Files\nodejs\node.exe C:\Users\user\AppData\Roaming\npm\node_modules\npm\bin\npm-cli.js
1 info using npm@9.7.1
2 info using node@v20.2.0
3 timing npm:load:whichnode Completed in 2ms
4 timing config:load:defaults Completed in 2ms
5 timing config:load:file:C:\Users\user\AppData\Roaming\npm\node_modules\npm\npmrc Completed in 4ms
6 timing config:load:builtin Completed in 5ms
7 timing config:load:cli Completed in 2ms
8 timing config:load:env Completed in 1ms
9 timing config:load:file:C:\Users\user\Desktop\hoja\.npmrc Completed in 1ms
10 timing config:load:project Completed in 4ms
11 timing config:load:file:C:\Users\user\.npmrc Completed in 1ms
12 timing config:load:user Completed in 1ms
13 timing config:load:file:C:\Users\user\AppData\Roaming\npm\etc\npmrc Completed in 0ms
14 timing config:load:global Completed in 0ms
15 timing config:load:setEnvs Completed in 1ms
16 timing config:load Completed in 16ms
17 timing npm:load:configload Completed in 17ms
18 timing config:load:flatten Completed in 2ms
19 timing npm:load:mkdirpcache Completed in 1ms
20 timing npm:load:mkdirplogs Completed in 1ms
21 verbose title npm install framer-motion
22 verbose argv "install" "framer-motion"
23 timing npm:load:setTitle Completed in 1ms
24 timing npm:load:display Completed in 2ms
25 verbose logfile logs-max:10 dir:C:\Users\user\Desktop\hoja\_logs\2023-06-21T00_41_36_535Z-
26 verbose logfile C:\Users\user\Desktop\hoja\_logs\2023-06-21T00_41_36_535Z-debug-0.log
27 timing npm:load:logFile Completed in 14ms
28 timing npm:load:timers Completed in 0ms
29 timing npm:load:configScope Completed in 0ms
30 timing npm:load Completed in 63ms
31 timing arborist:ctor Completed in 1ms
32 silly logfile start cleaning logs, removing 4 files
33 timing idealTree:init Completed in 181ms
34 timing idealTree:userRequests Completed in 1ms
35 silly idealTree buildDeps
36 silly fetch manifest framer-motion@*
37 silly logfile done cleaning log files
38 timing arborist:ctor Completed in 0ms
39 http fetch GET 200 https://registry.npmjs.org/framer-motion 4578ms (cache miss)
40 silly fetch manifest react@18.2.0
41 http fetch GET 200 https://registry.npmjs.org/react 3585ms (cache updated)
42 silly fetch manifest react-dom@18.2.0
43 http fetch GET 200 https://registry.npmjs.org/react-dom 2452ms (cache miss)
44 silly placeDep ROOT framer-motion@10.12.16 OK for: hoja@0.1.0 want: *
45 silly fetch manifest @emotion/is-prop-valid@^0.8.2
46 http fetch GET 200 https://registry.npmjs.org/@emotion%2fis-prop-valid 227ms (cache miss)
47 timing idealTree:#root Completed in 10909ms
48 silly placeDep ROOT @emotion/is-prop-valid@0.8.8 OK for: framer-motion@10.12.16 want: ^0.8.2
49 silly fetch manifest @emotion/memoize@0.7.4
50 http fetch GET 200 https://registry.npmjs.org/@emotion%2fmemoize 584ms (cache miss)
51 timing idealTree:node_modules/framer-motion Completed in 587ms
52 silly placeDep ROOT @emotion/memoize@0.7.4 OK for: @emotion/is-prop-valid@0.8.8 want: 0.7.4
53 timing idealTree:node_modules/@emotion/is-prop-valid Completed in 4ms
54 timing idealTree:node_modules/@emotion/memoize Completed in 0ms
55 timing idealTree:buildDeps Completed in 11503ms
56 timing idealTree:fixDepFlags Completed in 6ms
57 timing idealTree Completed in 11700ms
58 timing reify:loadTrees Completed in 11702ms
59 timing reify:diffTrees Completed in 139ms
60 silly reify moves {}
61 timing reify:retireShallow Completed in 2ms
62 timing reify:createSparse Completed in 6ms
63 timing reify:loadBundles Completed in 0ms
64 silly audit bulk request {
64 silly audit   '@babel/runtime': [ '7.22.3' ],
64 silly audit   '@eslint-community/eslint-utils': [ '4.4.0' ],
64 silly audit   '@eslint-community/regexpp': [ '4.5.1' ],
64 silly audit   '@eslint/eslintrc': [ '2.0.3' ],
64 silly audit   '@eslint/js': [ '8.41.0' ],
64 silly audit   '@humanwhocodes/config-array': [ '0.11.10' ],
64 silly audit   '@humanwhocodes/module-importer': [ '1.0.1' ],
64 silly audit   '@humanwhocodes/object-schema': [ '1.2.1' ],
64 silly audit   '@next/env': [ '13.4.4' ],
64 silly audit   '@next/eslint-plugin-next': [ '13.4.4' ],
64 silly audit   '@next/swc-darwin-arm64': [ '13.4.4' ],
64 silly audit   '@next/swc-darwin-x64': [ '13.4.4' ],
64 silly audit   '@next/swc-linux-arm64-gnu': [ '13.4.4' ],
64 silly audit   '@next/swc-linux-arm64-musl': [ '13.4.4' ],
64 silly audit   '@next/swc-linux-x64-gnu': [ '13.4.4' ],
64 silly audit   '@next/swc-linux-x64-musl': [ '13.4.4' ],
64 silly audit   '@next/swc-win32-arm64-msvc': [ '13.4.4' ],
64 silly audit   '@next/swc-win32-ia32-msvc': [ '13.4.4' ],
64 silly audit   '@next/swc-win32-x64-msvc': [ '13.4.4' ],
64 silly audit   '@nodelib/fs.scandir': [ '2.1.5' ],
64 silly audit   '@nodelib/fs.stat': [ '2.0.5' ],
64 silly audit   '@nodelib/fs.walk': [ '1.2.8' ],
64 silly audit   '@pkgr/utils': [ '2.4.1' ],
64 silly audit   '@rushstack/eslint-patch': [ '1.3.0' ],
64 silly audit   '@swc/helpers': [ '0.5.1' ],
64 silly audit   '@types/json5': [ '0.0.29' ],
64 silly audit   '@typescript-eslint/parser': [ '5.59.8' ],
64 silly audit   '@typescript-eslint/scope-manager': [ '5.59.8' ],
64 silly audit   '@typescript-eslint/types': [ '5.59.8' ],
64 silly audit   '@typescript-eslint/typescript-estree': [ '5.59.8' ],
64 silly audit   '@typescript-eslint/visitor-keys': [ '5.59.8' ],
64 silly audit   acorn: [ '8.8.2' ],
64 silly audit   'acorn-jsx': [ '5.3.2' ],
64 silly audit   ajv: [ '6.12.6' ],
64 silly audit   'ansi-regex': [ '5.0.1' ],
64 silly audit   'ansi-styles': [ '4.3.0' ],
64 silly audit   anymatch: [ '3.1.3' ],
64 silly audit   argparse: [ '2.0.1' ],
64 silly audit   'aria-query': [ '5.1.3' ],
64 silly audit   'array-buffer-byte-length': [ '1.0.0' ],
64 silly audit   'array-includes': [ '3.1.6' ],
64 silly audit   'array-union': [ '2.1.0' ],
64 silly audit   'array.prototype.flat': [ '1.3.1' ],
64 silly audit   'array.prototype.flatmap': [ '1.3.1' ],
64 silly audit   'array.prototype.tosorted': [ '1.1.1' ],
64 silly audit   'ast-types-flow': [ '0.0.7' ],
64 silly audit   'available-typed-arrays': [ '1.0.5' ],
64 silly audit   'axe-core': [ '4.7.2' ],
64 silly audit   'axobject-query': [ '3.1.1' ],
64 silly audit   'balanced-match': [ '1.0.2' ],
64 silly audit   'big-integer': [ '1.6.51' ],
64 silly audit   'binary-extensions': [ '2.2.0' ],
64 silly audit   'bplist-parser': [ '0.2.0' ],
64 silly audit   'brace-expansion': [ '1.1.11' ],
64 silly audit   braces: [ '3.0.2' ],
64 silly audit   'bundle-name': [ '3.0.0' ],
64 silly audit   busboy: [ '1.6.0' ],
64 silly audit   'call-bind': [ '1.0.2' ],
64 silly audit   callsites: [ '3.1.0' ],
64 silly audit   'caniuse-lite': [ '1.0.30001492' ],
64 silly audit   chalk: [ '4.1.2' ],
64 silly audit   chokidar: [ '3.5.3' ],
64 silly audit   'glob-parent': [ '5.1.2', '6.0.2' ],
64 silly audit   'client-only': [ '0.0.1' ],
64 silly audit   'color-convert': [ '2.0.1' ],
64 silly audit   'color-name': [ '1.1.4' ],
64 silly audit   'concat-map': [ '0.0.1' ],
64 silly audit   'cross-spawn': [ '7.0.3' ],
64 silly audit   'damerau-levenshtein': [ '1.0.8' ],
64 silly audit   debug: [ '4.3.4', '3.2.7' ],
64 silly audit   'deep-equal': [ '2.2.1' ],
64 silly audit   'deep-is': [ '0.1.4' ],
64 silly audit   'default-browser': [ '4.0.0' ],
64 silly audit   'default-browser-id': [ '3.0.0' ],
64 silly audit   'define-lazy-prop': [ '3.0.0' ],
64 silly audit   'define-properties': [ '1.2.0' ],
64 silly audit   'dir-glob': [ '3.0.1' ],
64 silly audit   doctrine: [ '3.0.0', '2.1.0' ],
64 silly audit   'emoji-regex': [ '9.2.2' ],
64 silly audit   'enhanced-resolve': [ '5.14.1' ],
64 silly audit   'es-abstract': [ '1.21.2' ],
64 silly audit   'es-get-iterator': [ '1.1.3' ],
64 silly audit   'es-set-tostringtag': [ '2.0.1' ],
64 silly audit   'es-shim-unscopables': [ '1.0.0' ],
64 silly audit   'es-to-primitive': [ '1.2.1' ],
64 silly audit   'escape-string-regexp': [ '4.0.0' ],
64 silly audit   eslint: [ '8.41.0' ],
64 silly audit   'eslint-config-next': [ '13.4.4' ],
64 silly audit   'eslint-import-resolver-node': [ '0.3.7' ],
64 silly audit   'eslint-import-resolver-typescript': [ '3.5.5' ],
64 silly audit   globby: [ '13.1.4', '11.1.0' ],
64 silly audit   slash: [ '4.0.0', '3.0.0' ],
64 silly audit   'eslint-module-utils': [ '2.8.0' ],
64 silly audit   'eslint-plugin-import': [ '2.27.5' ],
64 silly audit   semver: [ '6.3.0', '7.5.1' ],
64 silly audit   'eslint-plugin-jsx-a11y': [ '6.7.1' ],
64 silly audit   'eslint-plugin-react': [ '7.32.2' ],
64 silly audit   'eslint-plugin-react-hooks': [ '4.6.0' ],
64 silly audit   resolve: [ '2.0.0-next.4', '1.22.2' ],
64 silly audit   'eslint-scope': [ '7.2.0' ],
64 silly audit   'eslint-visitor-keys': [ '3.4.1' ],
64 silly audit   espree: [ '9.5.2' ],
64 silly audit   esquery: [ '1.5.0' ],
64 silly audit   esrecurse: [ '4.3.0' ],
64 silly audit   estraverse: [ '5.3.0' ],
64 silly audit   esutils: [ '2.0.3' ],
64 silly audit   execa: [ '7.1.1', '5.1.1' ],
64 silly audit   'fast-deep-equal': [ '3.1.3' ],
64 silly audit   'fast-glob': [ '3.2.12' ],
64 silly audit   'fast-json-stable-stringify': [ '2.1.0' ],
64 silly audit   'fast-levenshtein': [ '2.0.6' ],
64 silly audit   fastq: [ '1.15.0' ],
64 silly audit   'file-entry-cache': [ '6.0.1' ],
64 silly audit   'fill-range': [ '7.0.1' ],
64 silly audit   'find-up': [ '5.0.0' ],
64 silly audit   'flat-cache': [ '3.0.4' ],
64 silly audit   flatted: [ '3.2.7' ],
64 silly audit   'for-each': [ '0.3.3' ],
64 silly audit   'fs.realpath': [ '1.0.0' ],
64 silly audit   fsevents: [ '2.3.2' ],
64 silly audit   'function-bind': [ '1.1.1' ],
64 silly audit   'function.prototype.name': [ '1.1.5' ],
64 silly audit   'functions-have-names': [ '1.2.3' ],
64 silly audit   'get-intrinsic': [ '1.2.1' ],
64 silly audit   'get-stream': [ '6.0.1' ],
64 silly audit   'get-symbol-description': [ '1.0.0' ],
64 silly audit   'get-tsconfig': [ '4.6.0' ],
64 silly audit   glob: [ '7.1.7' ],
64 silly audit   globals: [ '13.20.0' ],
64 silly audit   globalthis: [ '1.0.3' ],
64 silly audit   gopd: [ '1.0.1' ],
64 silly audit   'graceful-fs': [ '4.2.11' ],
64 silly audit   graphemer: [ '1.4.0' ],
64 silly audit   has: [ '1.0.3' ],
64 silly audit   'has-bigints': [ '1.0.2' ],
64 silly audit   'has-flag': [ '4.0.0' ],
64 silly audit   'has-property-descriptors': [ '1.0.0' ],
64 silly audit   'has-proto': [ '1.0.1' ],
64 silly audit   'has-symbols': [ '1.0.3' ],
64 silly audit   'has-tostringtag': [ '1.0.0' ],
64 silly audit   'human-signals': [ '4.3.1', '2.1.0' ],
64 silly audit   ignore: [ '5.2.4' ],
64 silly audit   immutable: [ '4.3.0' ],
64 silly audit   'import-fresh': [ '3.3.0' ],
64 silly audit   imurmurhash: [ '0.1.4' ],
64 silly audit   inflight: [ '1.0.6' ],
64 silly audit   inherits: [ '2.0.4' ],
64 silly audit   'internal-slot': [ '1.0.5' ],
64 silly audit   'is-arguments': [ '1.1.1' ],
64 silly audit   'is-array-buffer': [ '3.0.2' ],
64 silly audit   'is-bigint': [ '1.0.4' ],
64 silly audit   'is-binary-path': [ '2.1.0' ],
64 silly audit   'is-boolean-object': [ '1.1.2' ],
64 silly audit   'is-callable': [ '1.2.7' ],
64 silly audit   'is-core-module': [ '2.12.1' ],
64 silly audit   'is-date-object': [ '1.0.5' ],
64 silly audit   'is-docker': [ '3.0.0', '2.2.1' ],
64 silly audit   'is-extglob': [ '2.1.1' ],
64 silly audit   'is-glob': [ '4.0.3' ],
64 silly audit   'is-inside-container': [ '1.0.0' ],
64 silly audit   'is-map': [ '2.0.2' ],
64 silly audit   'is-negative-zero': [ '2.0.2' ],
64 silly audit   'is-number': [ '7.0.0' ],
64 silly audit   'is-number-object': [ '1.0.7' ],
64 silly audit   'is-path-inside': [ '3.0.3' ],
64 silly audit   'is-regex': [ '1.1.4' ],
64 silly audit   'is-set': [ '2.0.2' ],
64 silly audit   'is-shared-array-buffer': [ '1.0.2' ],
64 silly audit   'is-stream': [ '3.0.0', '2.0.1' ],
64 silly audit   'is-string': [ '1.0.7' ],
64 silly audit   'is-symbol': [ '1.0.4' ],
64 silly audit   'is-typed-array': [ '1.1.10' ],
64 silly audit   'is-weakmap': [ '2.0.1' ],
64 silly audit   'is-weakref': [ '1.0.2' ],
64 silly audit   'is-weakset': [ '2.0.2' ],
64 silly audit   'is-wsl': [ '2.2.0' ],
64 silly audit   isarray: [ '2.0.5' ],
64 silly audit   isexe: [ '2.0.0' ],
64 silly audit   'js-tokens': [ '4.0.0' ],
64 silly audit   'js-yaml': [ '4.1.0' ],
64 silly audit   'json-schema-traverse': [ '0.4.1' ],
64 silly audit   'json-stable-stringify-without-jsonify': [ '1.0.1' ],
64 silly audit   json5: [ '1.0.2' ],
64 silly audit   'jsx-ast-utils': [ '3.3.3' ],
64 silly audit   'language-subtag-registry': [ '0.3.22' ],
64 silly audit   'language-tags': [ '1.0.5' ],
64 silly audit   levn: [ '0.4.1' ],
64 silly audit   'locate-path': [ '6.0.0' ],
64 silly audit   'lodash.merge': [ '4.6.2' ],
64 silly audit   'loose-envify': [ '1.4.0' ],
64 silly audit   'lru-cache': [ '6.0.0' ],
64 silly audit   'merge-stream': [ '2.0.0' ],
64 silly audit   merge2: [ '1.4.1' ],
64 silly audit   micromatch: [ '4.0.5' ],
64 silly audit   'mimic-fn': [ '4.0.0', '2.1.0' ],
64 silly audit   minimatch: [ '3.1.2' ],
64 silly audit   minimist: [ '1.2.8' ],
64 silly audit   ms: [ '2.1.2' ],
64 silly audit   nanoid: [ '3.3.6' ],
64 silly audit   'natural-compare': [ '1.4.0' ],
64 silly audit   next: [ '13.4.4' ],
64 silly audit   'normalize-path': [ '3.0.0' ],
64 silly audit   'npm-run-path': [ '5.1.0', '4.0.1' ],
64 silly audit   'path-key': [ '4.0.0', '3.1.1' ],
64 silly audit   'object-assign': [ '4.1.1' ],
64 silly audit   'object-inspect': [ '1.12.3' ],
64 silly audit   'object-is': [ '1.1.5' ],
64 silly audit   'object-keys': [ '1.1.1' ],
64 silly audit   'object.assign': [ '4.1.4' ],
64 silly audit   'object.entries': [ '1.1.6' ],
64 silly audit   'object.fromentries': [ '2.0.6' ],
64 silly audit   'object.hasown': [ '1.1.2' ],
64 silly audit   'object.values': [ '1.1.6' ],
64 silly audit   once: [ '1.4.0' ],
64 silly audit   onetime: [ '6.0.0', '5.1.2' ],
64 silly audit   open: [ '9.1.0' ],
64 silly audit   optionator: [ '0.9.1' ],
64 silly audit   overlayscrollbars: [ '2.2.0' ],
64 silly audit   'p-limit': [ '3.1.0' ],
64 silly audit   'p-locate': [ '5.0.0' ],
64 silly audit   'parent-module': [ '1.0.1' ],
64 silly audit   'path-exists': [ '4.0.0' ],
64 silly audit   'path-is-absolute': [ '1.0.1' ],
64 silly audit   'path-parse': [ '1.0.7' ],
64 silly audit   'path-type': [ '4.0.0' ],
64 silly audit   picocolors: [ '1.0.0' ],
64 silly audit   picomatch: [ '2.3.1' ],
64 silly audit   postcss: [ '8.4.14' ],
64 silly audit   'prelude-ls': [ '1.2.1' ],
64 silly audit   'prop-types': [ '15.8.1' ],
64 silly audit   punycode: [ '2.3.0' ],
64 silly audit   'queue-microtask': [ '1.2.3' ],
64 silly audit   react: [ '18.2.0' ],
64 silly audit   'react-dom': [ '18.2.0' ],
64 silly audit   'react-icons': [ '4.9.0' ],
64 silly audit   'react-is': [ '16.13.1' ],
64 silly audit   readdirp: [ '3.6.0' ],
64 silly audit   'regenerator-runtime': [ '0.13.11' ],
64 silly audit   'regexp.prototype.flags': [ '1.5.0' ],
64 silly audit   'resolve-from': [ '4.0.0' ],
64 silly audit   'resolve-pkg-maps': [ '1.0.0' ],
64 silly audit   reusify: [ '1.0.4' ],
64 silly audit   rimraf: [ '3.0.2' ],
64 silly audit   'run-applescript': [ '5.0.0' ],
64 silly audit   'strip-final-newline': [ '2.0.0', '3.0.0' ],
64 silly audit   'run-parallel': [ '1.2.0' ],
64 silly audit   'safe-regex-test': [ '1.0.0' ],
64 silly audit   sass: [ '1.62.1' ],
64 silly audit   scheduler: [ '0.23.0' ],
64 silly audit   'shebang-command': [ '2.0.0' ],
64 silly audit   'shebang-regex': [ '3.0.0' ],
64 silly audit   'side-channel': [ '1.0.4' ],
64 silly audit   'signal-exit': [ '3.0.7' ],
64 silly audit   'source-map-js': [ '1.0.2' ],
64 silly audit   'stop-iteration-iterator': [ '1.0.0' ],
64 silly audit   streamsearch: [ '1.1.0' ],
64 silly audit   'string.prototype.matchall': [ '4.0.8' ],
64 silly audit   'string.prototype.trim': [ '1.2.7' ],
64 silly audit   'string.prototype.trimend': [ '1.0.6' ],
64 silly audit   'string.prototype.trimstart': [ '1.0.6' ],
64 silly audit   'strip-ansi': [ '6.0.1' ],
64 silly audit   'strip-bom': [ '3.0.0' ],
64 silly audit   'strip-json-comments': [ '3.1.1' ],
64 silly audit   'styled-jsx': [ '5.1.1' ],
64 silly audit   'supports-color': [ '7.2.0' ],
64 silly audit   'supports-preserve-symlinks-flag': [ '1.0.0' ],
64 silly audit   synckit: [ '0.8.5' ],
64 silly audit   tapable: [ '2.2.1' ],
64 silly audit   'text-table': [ '0.2.0' ],
64 silly audit   titleize: [ '3.0.0' ],
64 silly audit   'to-regex-range': [ '5.0.1' ],
64 silly audit   'tsconfig-paths': [ '3.14.2' ],
64 silly audit   tslib: [ '2.5.2', '1.14.1' ],
64 silly audit   tsutils: [ '3.21.0' ],
64 silly audit   'type-check': [ '0.4.0' ],
64 silly audit   'type-fest': [ '0.20.2' ],
64 silly audit   'typed-array-length': [ '1.0.4' ],
64 silly audit   typescript: [ '5.1.3' ],
64 silly audit   'unbox-primitive': [ '1.0.2' ],
64 silly audit   untildify: [ '4.0.0' ],
64 silly audit   'uri-js': [ '4.4.1' ],
64 silly audit   which: [ '2.0.2' ],
64 silly audit   'which-boxed-primitive': [ '1.0.2' ],
64 silly audit   'which-collection': [ '1.0.1' ],
64 silly audit   'which-typed-array': [ '1.1.9' ],
64 silly audit   'word-wrap': [ '1.2.3' ],
64 silly audit   wrappy: [ '1.0.2' ],
64 silly audit   yallist: [ '4.0.0' ],
64 silly audit   'yocto-queue': [ '0.1.0' ],
64 silly audit   zod: [ '3.21.4' ],
64 silly audit   'framer-motion': [ '10.12.16' ],
64 silly audit   '@emotion/is-prop-valid': [ '0.8.8' ],
64 silly audit   '@emotion/memoize': [ '0.7.4' ]
64 silly audit }
65 verbose reify failed optional dependency C:\Users\user\Desktop\hoja\node_modules\fsevents
66 silly reify mark deleted [ 'C:\\Users\\user\\Desktop\\hoja\\node_modules\\fsevents' ]
67 verbose reify failed optional dependency C:\Users\user\Desktop\hoja\node_modules\@next\swc-win32-ia32-msvc
68 silly reify mark deleted [
68 silly reify   'C:\\Users\\user\\Desktop\\hoja\\node_modules\\@next\\swc-win32-ia32-msvc'
68 silly reify ]
69 verbose reify failed optional dependency C:\Users\user\Desktop\hoja\node_modules\@next\swc-win32-arm64-msvc
70 silly reify mark deleted [
70 silly reify   'C:\\Users\\user\\Desktop\\hoja\\node_modules\\@next\\swc-win32-arm64-msvc'
70 silly reify ]
71 verbose reify failed optional dependency C:\Users\user\Desktop\hoja\node_modules\@next\swc-linux-x64-musl
72 silly reify mark deleted [
72 silly reify   'C:\\Users\\user\\Desktop\\hoja\\node_modules\\@next\\swc-linux-x64-musl'
72 silly reify ]
73 verbose reify failed optional dependency C:\Users\user\Desktop\hoja\node_modules\@next\swc-linux-x64-gnu
74 silly reify mark deleted [
74 silly reify   'C:\\Users\\user\\Desktop\\hoja\\node_modules\\@next\\swc-linux-x64-gnu'
74 silly reify ]
75 verbose reify failed optional dependency C:\Users\user\Desktop\hoja\node_modules\@next\swc-linux-arm64-musl
76 silly reify mark deleted [
76 silly reify   'C:\\Users\\user\\Desktop\\hoja\\node_modules\\@next\\swc-linux-arm64-musl'
76 silly reify ]
77 verbose reify failed optional dependency C:\Users\user\Desktop\hoja\node_modules\@next\swc-linux-arm64-gnu
78 silly reify mark deleted [
78 silly reify   'C:\\Users\\user\\Desktop\\hoja\\node_modules\\@next\\swc-linux-arm64-gnu'
78 silly reify ]
79 verbose reify failed optional dependency C:\Users\user\Desktop\hoja\node_modules\@next\swc-darwin-x64
80 silly reify mark deleted [
80 silly reify   'C:\\Users\\user\\Desktop\\hoja\\node_modules\\@next\\swc-darwin-x64'
80 silly reify ]
81 verbose reify failed optional dependency C:\Users\user\Desktop\hoja\node_modules\@next\swc-darwin-arm64
82 silly reify mark deleted [
82 silly reify   'C:\\Users\\user\\Desktop\\hoja\\node_modules\\@next\\swc-darwin-arm64'
82 silly reify ]
83 timing reifyNode:node_modules/fsevents Completed in 9ms
84 timing reifyNode:node_modules/@next/swc-win32-ia32-msvc Completed in 9ms
85 timing reifyNode:node_modules/@next/swc-win32-arm64-msvc Completed in 9ms
86 timing reifyNode:node_modules/@next/swc-linux-x64-musl Completed in 9ms
87 timing reifyNode:node_modules/@next/swc-linux-x64-gnu Completed in 10ms
88 timing reifyNode:node_modules/@next/swc-linux-arm64-musl Completed in 10ms
89 timing reifyNode:node_modules/@next/swc-linux-arm64-gnu Completed in 9ms
90 timing reifyNode:node_modules/@next/swc-darwin-x64 Completed in 9ms
91 timing reifyNode:node_modules/@next/swc-darwin-arm64 Completed in 9ms
92 silly tarball no local data for @emotion/memoize@https://registry.npmjs.org/@emotion/memoize/-/memoize-0.7.4.tgz. Extracting by manifest.
93 silly tarball no local data for @emotion/is-prop-valid@https://registry.npmjs.org/@emotion/is-prop-valid/-/is-prop-valid-0.8.8.tgz. Extracting by manifest.
94 silly tarball no local data for framer-motion@https://registry.npmjs.org/framer-motion/-/framer-motion-10.12.16.tgz. Extracting by manifest.
95 http fetch POST 200 https://registry.npmjs.org/-/npm/v1/security/advisories/bulk 222ms
96 timing auditReport:getReport Completed in 230ms
97 silly audit report {}
98 timing auditReport:init Completed in 0ms
99 timing reify:audit Completed in 232ms
100 http fetch GET 200 https://registry.npmjs.org/@emotion/memoize/-/memoize-0.7.4.tgz 567ms (cache miss)
101 timing reifyNode:node_modules/@emotion/memoize Completed in 585ms
102 http fetch GET 200 https://registry.npmjs.org/@emotion/is-prop-valid/-/is-prop-valid-0.8.8.tgz 1300ms (cache miss)
103 timing reifyNode:node_modules/@emotion/is-prop-valid Completed in 1318ms
104 http fetch GET 200 https://registry.npmjs.org/framer-motion/-/framer-motion-10.12.16.tgz 2759ms (cache miss)
105 timing reifyNode:node_modules/framer-motion Completed in 2814ms
106 timing reify:unpack Completed in 2815ms
107 timing reify:unretire Completed in 1ms
108 timing build:queue Completed in 1ms
109 timing build:deps Completed in 2ms
110 timing build Completed in 3ms
111 timing reify:build Completed in 3ms
112 timing reify:trash Completed in 3ms
113 timing reify:save Completed in 338ms
114 timing reify Completed in 15086ms
115 silly ADD node_modules/@emotion/memoize
116 silly ADD node_modules/@emotion/is-prop-valid
117 silly ADD node_modules/framer-motion
118 silly ADD
119 silly ADD
120 silly ADD
121 silly ADD
122 silly ADD
123 silly ADD
124 silly ADD
125 silly ADD
126 silly ADD
127 timing command:install Completed in 15098ms
128 verbose exit 0
129 timing npm Completed in 15577ms
130 info ok
