0 verbose cli C:\Program Files\nodejs\node.exe C:\Users\user\AppData\Roaming\npm\node_modules\npm\bin\npm-cli.js
1 info using npm@9.6.7
2 info using node@v19.2.0
3 timing npm:load:whichnode Completed in 3ms
4 timing config:load:defaults Completed in 3ms
5 timing config:load:file:C:\Users\user\AppData\Roaming\npm\node_modules\npm\npmrc Completed in 6ms
6 timing config:load:builtin Completed in 6ms
7 timing config:load:cli Completed in 2ms
8 timing config:load:env Completed in 1ms
9 timing config:load:file:C:\Users\user\Desktop\hoja\.npmrc Completed in 0ms
10 timing config:load:project Completed in 3ms
11 timing config:load:file:C:\Users\user\.npmrc Completed in 1ms
12 timing config:load:user Completed in 1ms
13 timing config:load:file:C:\Users\user\AppData\Roaming\npm\etc\npmrc Completed in 0ms
14 timing config:load:global Completed in 0ms
15 timing config:load:setEnvs Completed in 2ms
16 timing config:load Completed in 18ms
17 timing npm:load:configload Completed in 18ms
18 timing npm:load:mkdirpcache Completed in 1ms
19 timing npm:load:mkdirplogs Completed in 1ms
20 verbose title npm install overlayscrollbars
21 verbose argv "install" "overlayscrollbars"
22 timing npm:load:setTitle Completed in 3ms
23 timing config:load:flatten Completed in 7ms
24 timing npm:load:display Completed in 8ms
25 verbose logfile logs-max:10 dir:C:\Users\user\Desktop\hoja\_logs\2023-06-02T02_09_29_442Z-
26 verbose logfile C:\Users\user\Desktop\hoja\_logs\2023-06-02T02_09_29_442Z-debug-0.log
27 timing npm:load:logFile Completed in 18ms
28 timing npm:load:timers Completed in 0ms
29 timing npm:load:configScope Completed in 0ms
30 timing npm:load Completed in 52ms
31 timing arborist:ctor Completed in 1ms
32 silly logfile start cleaning logs, removing 3 files
33 timing idealTree:init Completed in 209ms
34 timing idealTree:userRequests Completed in 1ms
35 silly idealTree buildDeps
36 silly fetch manifest overlayscrollbars@*
37 silly logfile error removing log file C:\Users\user\Desktop\hoja\_logs\2023-06-02T01_54_23_112Z-debug-0.log [Error: EPERM: operation not permitted, lstat 'C:\Users\user\Desktop\hoja\_logs\2023-06-02T01_54_23_112Z-debug-0.log'] {
37 silly logfile   errno: -4048,
37 silly logfile   code: 'EPERM',
37 silly logfile   syscall: 'lstat',
37 silly logfile   path: 'C:\\Users\\user\\Desktop\\hoja\\_logs\\2023-06-02T01_54_23_112Z-debug-0.log'
37 silly logfile }
38 silly logfile done cleaning log files
39 timing arborist:ctor Completed in 0ms
40 http fetch GET 200 https://registry.npmjs.org/overlayscrollbars 949ms (cache miss)
41 silly placeDep ROOT overlayscrollbars@2.2.0 OK for: hoja@0.1.0 want: *
42 timing idealTree:#root Completed in 962ms
43 timing idealTree:node_modules/overlayscrollbars Completed in 0ms
44 timing idealTree:buildDeps Completed in 963ms
45 timing idealTree:fixDepFlags Completed in 6ms
46 timing idealTree Completed in 1189ms
47 timing reify:loadTrees Completed in 1191ms
48 timing reify:diffTrees Completed in 15ms
49 silly reify moves {}
50 timing reify:retireShallow Completed in 1ms
51 timing reify:createSparse Completed in 6ms
52 timing reify:loadBundles Completed in 0ms
53 silly audit bulk request {
53 silly audit   '@babel/runtime': [ '7.22.3' ],
53 silly audit   '@eslint-community/eslint-utils': [ '4.4.0' ],
53 silly audit   '@eslint-community/regexpp': [ '4.5.1' ],
53 silly audit   '@eslint/eslintrc': [ '2.0.3' ],
53 silly audit   '@eslint/js': [ '8.41.0' ],
53 silly audit   '@humanwhocodes/config-array': [ '0.11.10' ],
53 silly audit   '@humanwhocodes/module-importer': [ '1.0.1' ],
53 silly audit   '@humanwhocodes/object-schema': [ '1.2.1' ],
53 silly audit   '@next/env': [ '13.4.4' ],
53 silly audit   '@next/eslint-plugin-next': [ '13.4.4' ],
53 silly audit   '@next/swc-darwin-arm64': [ '13.4.4' ],
53 silly audit   '@next/swc-darwin-x64': [ '13.4.4' ],
53 silly audit   '@next/swc-linux-arm64-gnu': [ '13.4.4' ],
53 silly audit   '@next/swc-linux-arm64-musl': [ '13.4.4' ],
53 silly audit   '@next/swc-linux-x64-gnu': [ '13.4.4' ],
53 silly audit   '@next/swc-linux-x64-musl': [ '13.4.4' ],
53 silly audit   '@next/swc-win32-arm64-msvc': [ '13.4.4' ],
53 silly audit   '@next/swc-win32-ia32-msvc': [ '13.4.4' ],
53 silly audit   '@next/swc-win32-x64-msvc': [ '13.4.4' ],
53 silly audit   '@nodelib/fs.scandir': [ '2.1.5' ],
53 silly audit   '@nodelib/fs.stat': [ '2.0.5' ],
53 silly audit   '@nodelib/fs.walk': [ '1.2.8' ],
53 silly audit   '@pkgr/utils': [ '2.4.1' ],
53 silly audit   '@rushstack/eslint-patch': [ '1.3.0' ],
53 silly audit   '@swc/helpers': [ '0.5.1' ],
53 silly audit   '@types/json5': [ '0.0.29' ],
53 silly audit   '@typescript-eslint/parser': [ '5.59.8' ],
53 silly audit   '@typescript-eslint/scope-manager': [ '5.59.8' ],
53 silly audit   '@typescript-eslint/types': [ '5.59.8' ],
53 silly audit   '@typescript-eslint/typescript-estree': [ '5.59.8' ],
53 silly audit   '@typescript-eslint/visitor-keys': [ '5.59.8' ],
53 silly audit   acorn: [ '8.8.2' ],
53 silly audit   'acorn-jsx': [ '5.3.2' ],
53 silly audit   ajv: [ '6.12.6' ],
53 silly audit   'ansi-regex': [ '5.0.1' ],
53 silly audit   'ansi-styles': [ '4.3.0' ],
53 silly audit   argparse: [ '2.0.1' ],
53 silly audit   'aria-query': [ '5.1.3' ],
53 silly audit   'array-buffer-byte-length': [ '1.0.0' ],
53 silly audit   'array-includes': [ '3.1.6' ],
53 silly audit   'array-union': [ '2.1.0' ],
53 silly audit   'array.prototype.flat': [ '1.3.1' ],
53 silly audit   'array.prototype.flatmap': [ '1.3.1' ],
53 silly audit   'array.prototype.tosorted': [ '1.1.1' ],
53 silly audit   'ast-types-flow': [ '0.0.7' ],
53 silly audit   'available-typed-arrays': [ '1.0.5' ],
53 silly audit   'axe-core': [ '4.7.2' ],
53 silly audit   'axobject-query': [ '3.1.1' ],
53 silly audit   'balanced-match': [ '1.0.2' ],
53 silly audit   'big-integer': [ '1.6.51' ],
53 silly audit   'bplist-parser': [ '0.2.0' ],
53 silly audit   'brace-expansion': [ '1.1.11' ],
53 silly audit   braces: [ '3.0.2' ],
53 silly audit   'bundle-name': [ '3.0.0' ],
53 silly audit   busboy: [ '1.6.0' ],
53 silly audit   'call-bind': [ '1.0.2' ],
53 silly audit   callsites: [ '3.1.0' ],
53 silly audit   'caniuse-lite': [ '1.0.30001492' ],
53 silly audit   chalk: [ '4.1.2' ],
53 silly audit   'client-only': [ '0.0.1' ],
53 silly audit   'color-convert': [ '2.0.1' ],
53 silly audit   'color-name': [ '1.1.4' ],
53 silly audit   'concat-map': [ '0.0.1' ],
53 silly audit   'cross-spawn': [ '7.0.3' ],
53 silly audit   'damerau-levenshtein': [ '1.0.8' ],
53 silly audit   debug: [ '4.3.4', '3.2.7' ],
53 silly audit   'deep-equal': [ '2.2.1' ],
53 silly audit   'deep-is': [ '0.1.4' ],
53 silly audit   'default-browser': [ '4.0.0' ],
53 silly audit   'default-browser-id': [ '3.0.0' ],
53 silly audit   'define-lazy-prop': [ '3.0.0' ],
53 silly audit   'define-properties': [ '1.2.0' ],
53 silly audit   'dir-glob': [ '3.0.1' ],
53 silly audit   doctrine: [ '3.0.0', '2.1.0' ],
53 silly audit   'emoji-regex': [ '9.2.2' ],
53 silly audit   'enhanced-resolve': [ '5.14.1' ],
53 silly audit   'es-abstract': [ '1.21.2' ],
53 silly audit   'es-get-iterator': [ '1.1.3' ],
53 silly audit   'es-set-tostringtag': [ '2.0.1' ],
53 silly audit   'es-shim-unscopables': [ '1.0.0' ],
53 silly audit   'es-to-primitive': [ '1.2.1' ],
53 silly audit   'escape-string-regexp': [ '4.0.0' ],
53 silly audit   eslint: [ '8.41.0' ],
53 silly audit   'eslint-config-next': [ '13.4.4' ],
53 silly audit   'eslint-import-resolver-node': [ '0.3.7' ],
53 silly audit   'eslint-import-resolver-typescript': [ '3.5.5' ],
53 silly audit   globby: [ '13.1.4', '11.1.0' ],
53 silly audit   slash: [ '4.0.0', '3.0.0' ],
53 silly audit   'eslint-module-utils': [ '2.8.0' ],
53 silly audit   'eslint-plugin-import': [ '2.27.5' ],
53 silly audit   semver: [ '6.3.0', '7.5.1' ],
53 silly audit   'eslint-plugin-jsx-a11y': [ '6.7.1' ],
53 silly audit   'eslint-plugin-react': [ '7.32.2' ],
53 silly audit   'eslint-plugin-react-hooks': [ '4.6.0' ],
53 silly audit   resolve: [ '2.0.0-next.4', '1.22.2' ],
53 silly audit   'eslint-scope': [ '7.2.0' ],
53 silly audit   'eslint-visitor-keys': [ '3.4.1' ],
53 silly audit   espree: [ '9.5.2' ],
53 silly audit   esquery: [ '1.5.0' ],
53 silly audit   esrecurse: [ '4.3.0' ],
53 silly audit   estraverse: [ '5.3.0' ],
53 silly audit   esutils: [ '2.0.3' ],
53 silly audit   execa: [ '7.1.1', '5.1.1' ],
53 silly audit   'fast-deep-equal': [ '3.1.3' ],
53 silly audit   'fast-glob': [ '3.2.12' ],
53 silly audit   'glob-parent': [ '5.1.2', '6.0.2' ],
53 silly audit   'fast-json-stable-stringify': [ '2.1.0' ],
53 silly audit   'fast-levenshtein': [ '2.0.6' ],
53 silly audit   fastq: [ '1.15.0' ],
53 silly audit   'file-entry-cache': [ '6.0.1' ],
53 silly audit   'fill-range': [ '7.0.1' ],
53 silly audit   'find-up': [ '5.0.0' ],
53 silly audit   'flat-cache': [ '3.0.4' ],
53 silly audit   flatted: [ '3.2.7' ],
53 silly audit   'for-each': [ '0.3.3' ],
53 silly audit   'fs.realpath': [ '1.0.0' ],
53 silly audit   'function-bind': [ '1.1.1' ],
53 silly audit   'function.prototype.name': [ '1.1.5' ],
53 silly audit   'functions-have-names': [ '1.2.3' ],
53 silly audit   'get-intrinsic': [ '1.2.1' ],
53 silly audit   'get-stream': [ '6.0.1' ],
53 silly audit   'get-symbol-description': [ '1.0.0' ],
53 silly audit   'get-tsconfig': [ '4.6.0' ],
53 silly audit   glob: [ '7.1.7' ],
53 silly audit   globals: [ '13.20.0' ],
53 silly audit   globalthis: [ '1.0.3' ],
53 silly audit   gopd: [ '1.0.1' ],
53 silly audit   'graceful-fs': [ '4.2.11' ],
53 silly audit   graphemer: [ '1.4.0' ],
53 silly audit   has: [ '1.0.3' ],
53 silly audit   'has-bigints': [ '1.0.2' ],
53 silly audit   'has-flag': [ '4.0.0' ],
53 silly audit   'has-property-descriptors': [ '1.0.0' ],
53 silly audit   'has-proto': [ '1.0.1' ],
53 silly audit   'has-symbols': [ '1.0.3' ],
53 silly audit   'has-tostringtag': [ '1.0.0' ],
53 silly audit   'human-signals': [ '4.3.1', '2.1.0' ],
53 silly audit   ignore: [ '5.2.4' ],
53 silly audit   'import-fresh': [ '3.3.0' ],
53 silly audit   imurmurhash: [ '0.1.4' ],
53 silly audit   inflight: [ '1.0.6' ],
53 silly audit   inherits: [ '2.0.4' ],
53 silly audit   'internal-slot': [ '1.0.5' ],
53 silly audit   'is-arguments': [ '1.1.1' ],
53 silly audit   'is-array-buffer': [ '3.0.2' ],
53 silly audit   'is-bigint': [ '1.0.4' ],
53 silly audit   'is-boolean-object': [ '1.1.2' ],
53 silly audit   'is-callable': [ '1.2.7' ],
53 silly audit   'is-core-module': [ '2.12.1' ],
53 silly audit   'is-date-object': [ '1.0.5' ],
53 silly audit   'is-docker': [ '3.0.0', '2.2.1' ],
53 silly audit   'is-extglob': [ '2.1.1' ],
53 silly audit   'is-glob': [ '4.0.3' ],
53 silly audit   'is-inside-container': [ '1.0.0' ],
53 silly audit   'is-map': [ '2.0.2' ],
53 silly audit   'is-negative-zero': [ '2.0.2' ],
53 silly audit   'is-number': [ '7.0.0' ],
53 silly audit   'is-number-object': [ '1.0.7' ],
53 silly audit   'is-path-inside': [ '3.0.3' ],
53 silly audit   'is-regex': [ '1.1.4' ],
53 silly audit   'is-set': [ '2.0.2' ],
53 silly audit   'is-shared-array-buffer': [ '1.0.2' ],
53 silly audit   'is-stream': [ '3.0.0', '2.0.1' ],
53 silly audit   'is-string': [ '1.0.7' ],
53 silly audit   'is-symbol': [ '1.0.4' ],
53 silly audit   'is-typed-array': [ '1.1.10' ],
53 silly audit   'is-weakmap': [ '2.0.1' ],
53 silly audit   'is-weakref': [ '1.0.2' ],
53 silly audit   'is-weakset': [ '2.0.2' ],
53 silly audit   'is-wsl': [ '2.2.0' ],
53 silly audit   isarray: [ '2.0.5' ],
53 silly audit   isexe: [ '2.0.0' ],
53 silly audit   'js-tokens': [ '4.0.0' ],
53 silly audit   'js-yaml': [ '4.1.0' ],
53 silly audit   'json-schema-traverse': [ '0.4.1' ],
53 silly audit   'json-stable-stringify-without-jsonify': [ '1.0.1' ],
53 silly audit   json5: [ '1.0.2' ],
53 silly audit   'jsx-ast-utils': [ '3.3.3' ],
53 silly audit   'language-subtag-registry': [ '0.3.22' ],
53 silly audit   'language-tags': [ '1.0.5' ],
53 silly audit   levn: [ '0.4.1' ],
53 silly audit   'locate-path': [ '6.0.0' ],
53 silly audit   'lodash.merge': [ '4.6.2' ],
53 silly audit   'loose-envify': [ '1.4.0' ],
53 silly audit   'lru-cache': [ '6.0.0' ],
53 silly audit   'merge-stream': [ '2.0.0' ],
53 silly audit   merge2: [ '1.4.1' ],
53 silly audit   micromatch: [ '4.0.5' ],
53 silly audit   'mimic-fn': [ '4.0.0', '2.1.0' ],
53 silly audit   minimatch: [ '3.1.2' ],
53 silly audit   minimist: [ '1.2.8' ],
53 silly audit   ms: [ '2.1.2' ],
53 silly audit   nanoid: [ '3.3.6' ],
53 silly audit   'natural-compare': [ '1.4.0' ],
53 silly audit   next: [ '13.4.4' ],
53 silly audit   'npm-run-path': [ '5.1.0', '4.0.1' ],
53 silly audit   'path-key': [ '4.0.0', '3.1.1' ],
53 silly audit   'object-assign': [ '4.1.1' ],
53 silly audit   'object-inspect': [ '1.12.3' ],
53 silly audit   'object-is': [ '1.1.5' ],
53 silly audit   'object-keys': [ '1.1.1' ],
53 silly audit   'object.assign': [ '4.1.4' ],
53 silly audit   'object.entries': [ '1.1.6' ],
53 silly audit   'object.fromentries': [ '2.0.6' ],
53 silly audit   'object.hasown': [ '1.1.2' ],
53 silly audit   'object.values': [ '1.1.6' ],
53 silly audit   once: [ '1.4.0' ],
53 silly audit   onetime: [ '6.0.0', '5.1.2' ],
53 silly audit   open: [ '9.1.0' ],
53 silly audit   optionator: [ '0.9.1' ],
53 silly audit   'p-limit': [ '3.1.0' ],
53 silly audit   'p-locate': [ '5.0.0' ],
53 silly audit   'parent-module': [ '1.0.1' ],
53 silly audit   'path-exists': [ '4.0.0' ],
53 silly audit   'path-is-absolute': [ '1.0.1' ],
53 silly audit   'path-parse': [ '1.0.7' ],
53 silly audit   'path-type': [ '4.0.0' ],
53 silly audit   picocolors: [ '1.0.0' ],
53 silly audit   picomatch: [ '2.3.1' ],
53 silly audit   postcss: [ '8.4.14' ],
53 silly audit   'prelude-ls': [ '1.2.1' ],
53 silly audit   'prop-types': [ '15.8.1' ],
53 silly audit   punycode: [ '2.3.0' ],
53 silly audit   'queue-microtask': [ '1.2.3' ],
53 silly audit   react: [ '18.2.0' ],
53 silly audit   'react-dom': [ '18.2.0' ],
53 silly audit   'react-icons': [ '4.9.0' ],
53 silly audit   'react-is': [ '16.13.1' ],
53 silly audit   'regenerator-runtime': [ '0.13.11' ],
53 silly audit   'regexp.prototype.flags': [ '1.5.0' ],
53 silly audit   'resolve-from': [ '4.0.0' ],
53 silly audit   'resolve-pkg-maps': [ '1.0.0' ],
53 silly audit   reusify: [ '1.0.4' ],
53 silly audit   rimraf: [ '3.0.2' ],
53 silly audit   'run-applescript': [ '5.0.0' ],
53 silly audit   'strip-final-newline': [ '2.0.0', '3.0.0' ],
53 silly audit   'run-parallel': [ '1.2.0' ],
53 silly audit   'safe-regex-test': [ '1.0.0' ],
53 silly audit   scheduler: [ '0.23.0' ],
53 silly audit   'shebang-command': [ '2.0.0' ],
53 silly audit   'shebang-regex': [ '3.0.0' ],
53 silly audit   'side-channel': [ '1.0.4' ],
53 silly audit   'signal-exit': [ '3.0.7' ],
53 silly audit   'source-map-js': [ '1.0.2' ],
53 silly audit   'stop-iteration-iterator': [ '1.0.0' ],
53 silly audit   streamsearch: [ '1.1.0' ],
53 silly audit   'string.prototype.matchall': [ '4.0.8' ],
53 silly audit   'string.prototype.trim': [ '1.2.7' ],
53 silly audit   'string.prototype.trimend': [ '1.0.6' ],
53 silly audit   'string.prototype.trimstart': [ '1.0.6' ],
53 silly audit   'strip-ansi': [ '6.0.1' ],
53 silly audit   'strip-bom': [ '3.0.0' ],
53 silly audit   'strip-json-comments': [ '3.1.1' ],
53 silly audit   'styled-jsx': [ '5.1.1' ],
53 silly audit   'supports-color': [ '7.2.0' ],
53 silly audit   'supports-preserve-symlinks-flag': [ '1.0.0' ],
53 silly audit   synckit: [ '0.8.5' ],
53 silly audit   tapable: [ '2.2.1' ],
53 silly audit   'text-table': [ '0.2.0' ],
53 silly audit   titleize: [ '3.0.0' ],
53 silly audit   'to-regex-range': [ '5.0.1' ],
53 silly audit   'tsconfig-paths': [ '3.14.2' ],
53 silly audit   tslib: [ '2.5.2', '1.14.1' ],
53 silly audit   tsutils: [ '3.21.0' ],
53 silly audit   'type-check': [ '0.4.0' ],
53 silly audit   'type-fest': [ '0.20.2' ],
53 silly audit   'typed-array-length': [ '1.0.4' ],
53 silly audit   typescript: [ '5.1.3' ],
53 silly audit   'unbox-primitive': [ '1.0.2' ],
53 silly audit   untildify: [ '4.0.0' ],
53 silly audit   'uri-js': [ '4.4.1' ],
53 silly audit   which: [ '2.0.2' ],
53 silly audit   'which-boxed-primitive': [ '1.0.2' ],
53 silly audit   'which-collection': [ '1.0.1' ],
53 silly audit   'which-typed-array': [ '1.1.9' ],
53 silly audit   'word-wrap': [ '1.2.3' ],
53 silly audit   wrappy: [ '1.0.2' ],
53 silly audit   yallist: [ '4.0.0' ],
53 silly audit   'yocto-queue': [ '0.1.0' ],
53 silly audit   zod: [ '3.21.4' ],
53 silly audit   overlayscrollbars: [ '2.2.0' ]
53 silly audit }
54 verbose reify failed optional dependency C:\Users\user\Desktop\hoja\node_modules\@next\swc-win32-ia32-msvc
55 silly reify mark deleted [
55 silly reify   'C:\\Users\\user\\Desktop\\hoja\\node_modules\\@next\\swc-win32-ia32-msvc'
55 silly reify ]
56 verbose reify failed optional dependency C:\Users\user\Desktop\hoja\node_modules\@next\swc-win32-arm64-msvc
57 silly reify mark deleted [
57 silly reify   'C:\\Users\\user\\Desktop\\hoja\\node_modules\\@next\\swc-win32-arm64-msvc'
57 silly reify ]
58 verbose reify failed optional dependency C:\Users\user\Desktop\hoja\node_modules\@next\swc-linux-x64-musl
59 silly reify mark deleted [
59 silly reify   'C:\\Users\\user\\Desktop\\hoja\\node_modules\\@next\\swc-linux-x64-musl'
59 silly reify ]
60 verbose reify failed optional dependency C:\Users\user\Desktop\hoja\node_modules\@next\swc-linux-x64-gnu
61 silly reify mark deleted [
61 silly reify   'C:\\Users\\user\\Desktop\\hoja\\node_modules\\@next\\swc-linux-x64-gnu'
61 silly reify ]
62 verbose reify failed optional dependency C:\Users\user\Desktop\hoja\node_modules\@next\swc-linux-arm64-musl
63 silly reify mark deleted [
63 silly reify   'C:\\Users\\user\\Desktop\\hoja\\node_modules\\@next\\swc-linux-arm64-musl'
63 silly reify ]
64 verbose reify failed optional dependency C:\Users\user\Desktop\hoja\node_modules\@next\swc-linux-arm64-gnu
65 silly reify mark deleted [
65 silly reify   'C:\\Users\\user\\Desktop\\hoja\\node_modules\\@next\\swc-linux-arm64-gnu'
65 silly reify ]
66 verbose reify failed optional dependency C:\Users\user\Desktop\hoja\node_modules\@next\swc-darwin-x64
67 silly reify mark deleted [
67 silly reify   'C:\\Users\\user\\Desktop\\hoja\\node_modules\\@next\\swc-darwin-x64'
67 silly reify ]
68 verbose reify failed optional dependency C:\Users\user\Desktop\hoja\node_modules\@next\swc-darwin-arm64
69 silly reify mark deleted [
69 silly reify   'C:\\Users\\user\\Desktop\\hoja\\node_modules\\@next\\swc-darwin-arm64'
69 silly reify ]
70 timing reifyNode:node_modules/@next/swc-win32-ia32-msvc Completed in 8ms
71 timing reifyNode:node_modules/@next/swc-win32-arm64-msvc Completed in 8ms
72 timing reifyNode:node_modules/@next/swc-linux-x64-musl Completed in 9ms
73 timing reifyNode:node_modules/@next/swc-linux-x64-gnu Completed in 9ms
74 timing reifyNode:node_modules/@next/swc-linux-arm64-musl Completed in 9ms
75 timing reifyNode:node_modules/@next/swc-linux-arm64-gnu Completed in 9ms
76 timing reifyNode:node_modules/@next/swc-darwin-x64 Completed in 8ms
77 timing reifyNode:node_modules/@next/swc-darwin-arm64 Completed in 8ms
78 silly tarball no local data for overlayscrollbars@https://registry.npmjs.org/overlayscrollbars/-/overlayscrollbars-2.2.0.tgz. Extracting by manifest.
79 http fetch POST 200 https://registry.npmjs.org/-/npm/v1/security/advisories/bulk 258ms
80 timing auditReport:getReport Completed in 270ms
81 silly audit report {}
82 timing auditReport:init Completed in 0ms
83 timing reify:audit Completed in 271ms
84 http fetch GET 200 https://registry.npmjs.org/overlayscrollbars/-/overlayscrollbars-2.2.0.tgz 1120ms (cache miss)
85 timing reifyNode:node_modules/overlayscrollbars Completed in 1135ms
86 timing reify:unpack Completed in 1135ms
87 timing reify:unretire Completed in 0ms
88 timing build:queue Completed in 1ms
89 timing build:deps Completed in 2ms
90 timing build Completed in 2ms
91 timing reify:build Completed in 3ms
92 timing reify:trash Completed in 2ms
93 timing reify:save Completed in 274ms
94 timing reify Completed in 2805ms
95 silly ADD node_modules/overlayscrollbars
96 silly ADD
97 silly ADD
98 silly ADD
99 silly ADD
100 silly ADD
101 silly ADD
102 silly ADD
103 silly ADD
104 timing command:install Completed in 2824ms
105 verbose exit 0
106 timing npm Completed in 3319ms
107 info ok
